\BOOKMARK [0][-]{chapter.1}{Introduction}{}% 1
\BOOKMARK [-1][-]{part.1}{Fonctionnalit\351s de base}{}% 2
\BOOKMARK [0][-]{chapter.2}{Gestion de la partie - Simulation des mouvements}{part.1}% 3
\BOOKMARK [1][-]{section.2.1}{N\351cessit\351s}{chapter.2}% 4
\BOOKMARK [1][-]{section.2.2}{Probl\350me}{chapter.2}% 5
\BOOKMARK [1][-]{section.2.3}{Approches possibles}{chapter.2}% 6
\BOOKMARK [1][-]{section.2.4}{Approche utilis\351e}{chapter.2}% 7
\BOOKMARK [1][-]{section.2.5}{Remarques sur les r\351sultats obtenus}{chapter.2}% 8
\BOOKMARK [1][-]{section.2.6}{Pistes d'am\351liorations}{chapter.2}% 9
\BOOKMARK [0][-]{chapter.3}{Gestion de la partie - Structure des donn\351es du jeu}{part.1}% 10
\BOOKMARK [1][-]{section.3.1}{N\351cessit\351s}{chapter.3}% 11
\BOOKMARK [1][-]{section.3.2}{Probl\350me}{chapter.3}% 12
\BOOKMARK [1][-]{section.3.3}{Approches possibles}{chapter.3}% 13
\BOOKMARK [1][-]{section.3.4}{Approche utilis\351e}{chapter.3}% 14
\BOOKMARK [1][-]{section.3.5}{Remarques sur les r\351sultats obtenus}{chapter.3}% 15
\BOOKMARK [-1][-]{part.2}{Interface Homme-Machine}{}% 16
\BOOKMARK [0][-]{chapter.4}{Repr\351sentation visuelle d'un graphe}{part.2}% 17
\BOOKMARK [1][-]{section.4.1}{N\351cessit\351s}{chapter.4}% 18
\BOOKMARK [1][-]{section.4.2}{Probl\350me}{chapter.4}% 19
\BOOKMARK [1][-]{section.4.3}{Approches possibles}{chapter.4}% 20
\BOOKMARK [1][-]{section.4.4}{Approche utilis\351e}{chapter.4}% 21
\BOOKMARK [-1][-]{part.3}{Intelligence artificielle}{}% 22
\BOOKMARK [0][-]{chapter.5}{Algorithme de d\351cision}{part.3}% 23
\BOOKMARK [1][-]{section.5.1}{N\351cessit\351s}{chapter.5}% 24
\BOOKMARK [1][-]{section.5.2}{Probl\350me}{chapter.5}% 25
\BOOKMARK [1][-]{section.5.3}{Approches possibles}{chapter.5}% 26
\BOOKMARK [1][-]{section.5.4}{Approche utilis\351e}{chapter.5}% 27
\BOOKMARK [-1][-]{part.4}{Exp\351rimentations}{}% 28
\BOOKMARK [0][-]{chapter.6}{Comparaison MinMax X AlphaBeta}{part.4}% 29
\BOOKMARK [1][-]{section.6.1}{Profondeur de recherche}{chapter.6}% 30
\BOOKMARK [1][-]{section.6.2}{Probabilit\351s de liaison}{chapter.6}% 31
\BOOKMARK [1][-]{section.6.3}{Conclusions}{chapter.6}% 32
